[debug] [2021-02-03T14:56:11.421Z] ----------------------------------------------------------------------
[debug] [2021-02-03T14:56:11.424Z] Command:       C:\Program Files\nodejs\node.exe C:\Users\unbun\AppData\Roaming\npm\node_modules\firebase-tools\lib\bin\firebase.js init
[debug] [2021-02-03T14:56:11.424Z] CLI Version:   9.3.0
[debug] [2021-02-03T14:56:11.424Z] Platform:      win32
[debug] [2021-02-03T14:56:11.425Z] Node Version:  v14.15.4
[debug] [2021-02-03T14:56:11.426Z] Time:          Wed Feb 03 2021 19:56:11 GMT+0500 (Pakistan Standard Time)
[debug] [2021-02-03T14:56:11.426Z] ----------------------------------------------------------------------
[debug] [2021-02-03T14:56:11.426Z] 
[debug] [2021-02-03T14:56:11.433Z] > command requires scopes: ["email","openid","https://www.googleapis.com/auth/cloudplatformprojects.readonly","https://www.googleapis.com/auth/firebase","https://www.googleapis.com/auth/cloud-platform"]
[debug] [2021-02-03T14:56:11.433Z] > authorizing via signed-in user
[info] 
     ######## #### ########  ######## ########     ###     ######  ########
     ##        ##  ##     ## ##       ##     ##  ##   ##  ##       ##
     ######    ##  ########  ######   ########  #########  ######  ######
     ##        ##  ##    ##  ##       ##     ## ##     ##       ## ##
     ##       #### ##     ## ######## ########  ##     ##  ######  ########

You're about to initialize a Firebase project in this directory:

  C:\Users\unbun\Desktop\portfolio

[info] 
=== Project Setup
[info] 
[info] First, let's associate this project directory with a Firebase project.
[info] You can create multiple project aliases by running firebase use --add, 
[info] but for now we'll just set up a default project.
[info] 
[info] i  If you want to create a project in a Google Cloud organization or folder, please use "firebase projects:create" instead, and return to this command when you've created the project. 
[debug] [2021-02-03T14:57:19.858Z] ----------------------------------------------------------------------
[debug] [2021-02-03T14:57:19.861Z] Command:       C:\Program Files\nodejs\node.exe C:\Users\unbun\AppData\Roaming\npm\node_modules\firebase-tools\lib\bin\firebase.js init
[debug] [2021-02-03T14:57:19.861Z] CLI Version:   9.3.0
[debug] [2021-02-03T14:57:19.861Z] Platform:      win32
[debug] [2021-02-03T14:57:19.862Z] Node Version:  v14.15.4
[debug] [2021-02-03T14:57:19.863Z] Time:          Wed Feb 03 2021 19:57:19 GMT+0500 (Pakistan Standard Time)
[debug] [2021-02-03T14:57:19.863Z] ----------------------------------------------------------------------
[debug] [2021-02-03T14:57:19.863Z] 
[debug] [2021-02-03T14:57:19.870Z] > command requires scopes: ["email","openid","https://www.googleapis.com/auth/cloudplatformprojects.readonly","https://www.googleapis.com/auth/firebase","https://www.googleapis.com/auth/cloud-platform"]
[debug] [2021-02-03T14:57:19.870Z] > authorizing via signed-in user
[info] 
     ######## #### ########  ######## ########     ###     ######  ########
     ##        ##  ##     ## ##       ##     ##  ##   ##  ##       ##
     ######    ##  ########  ######   ########  #########  ######  ######
     ##        ##  ##    ##  ##       ##     ## ##     ##       ## ##
     ##       #### ##     ## ######## ########  ##     ##  ######  ########

You're about to initialize a Firebase project in this directory:

  C:\Users\unbun\Desktop\portfolio

[info] 
=== Project Setup
[info] 
[info] First, let's associate this project directory with a Firebase project.
[info] You can create multiple project aliases by running firebase use --add, 
[info] but for now we'll just set up a default project.
[info] 
[debug] [2021-02-03T14:57:27.199Z] >>> [apiv2][query] GET https://firebase.googleapis.com/v1beta1/projects pageSize=100
[debug] [2021-02-03T14:57:27.864Z] <<< [apiv2][status] GET https://firebase.googleapis.com/v1beta1/projects 200
[debug] [2021-02-03T14:57:27.864Z] <<< [apiv2][body] GET https://firebase.googleapis.com/v1beta1/projects [omitted]
[info] i  Using project hassanuddinsheikh-1d395 (HassanUddinSheikh) 
[info] 
=== Hosting Setup
[info] 
[info] Your public directory is the folder (relative to your project directory) that
[info] will contain Hosting assets to be uploaded with firebase deploy. If you
[info] have a build process for your assets, use your build's output directory.
[info] 
[debug] [2021-02-03T14:57:42.809Z] >>> [apiv2][query] GET https://www.gstatic.com/firebasejs/releases.json [none]
[debug] [2021-02-03T14:57:43.016Z] <<< [apiv2][status] GET https://www.gstatic.com/firebasejs/releases.json 200
[debug] [2021-02-03T14:57:43.017Z] <<< [apiv2][body] GET https://www.gstatic.com/firebasejs/releases.json {"current":{"version":"8.2.5","browserURL":"https://www.gstatic.com/firebasejs/8.2.5/firebase.js","packageURL":"https://www.gstatic.com/firebasejs/8.2.5/firebase.tgz"},"live":{"version":"8.2","browserURL":"https://www.gstatic.com/firebasejs/live/8.2/firebase.js","packageURL":"https://www.gstatic.com/firebasejs/live/8.2/firebase.tgz"},"components":{"analytics":"https://www.gstatic.com/firebasejs/8.2.5/firebase-analytics.js","app":"https://www.gstatic.com/firebasejs/8.2.5/firebase-app.js","auth":"https://www.gstatic.com/firebasejs/8.2.5/firebase-auth.js","database":"https://www.gstatic.com/firebasejs/8.2.5/firebase-database.js","firestore":"https://www.gstatic.com/firebasejs/8.2.5/firebase-firestore.js","functions":"https://www.gstatic.com/firebasejs/8.2.5/firebase-functions.js","installations":"https://www.gstatic.com/firebasejs/8.2.5/firebase-installations.js","messaging":"https://www.gstatic.com/firebasejs/8.2.5/firebase-messaging.js","storage":"https://www.gstatic.com/firebasejs/8.2.5/firebase-storage.js","performance":"https://www.gstatic.com/firebasejs/8.2.5/firebase-performance.js","remote-config":"https://www.gstatic.com/firebasejs/8.2.5/firebase-remote-config.js","firestore.memory":"https://www.gstatic.com/firebasejs/8.2.5/firebase-firestore.memory.js"}}
[info] +  Wrote y/index.html 
[info] 
[info] i  Detected a .git folder at C:\Users\unbun\Desktop\portfolio 
[info] i  Authorizing with GitHub to upload your service account to a GitHub repository's secrets store. 
[info] 
[info] Visit this URL on this device to log in:
[info] https://github.com/login/oauth/authorize?client_id=89cf50f02ac6aaed3484&state=949899830&redirect_uri=http%3A%2F%2Flocalhost%3A9005&scope=read%3Auser%20repo%20public_repo
[info] 
[info] Waiting for authentication...
[debug] [2021-02-03T14:57:53.371Z] >>> HTTP REQUEST POST https://github.com/login/oauth/access_token  
 {"client_id":"89cf50f02ac6aaed3484","client_secret":"3330d14abc895d9a74d5f17cd7a00711fa2c5bf0","code":"5a3f830c2e7c447417f4","redirect_uri":"http://localhost:9005","state":"949899830"}
[debug] [2021-02-03T14:57:53.768Z] <<< HTTP RESPONSE 200 {"date":"Wed, 03 Feb 2021 14:57:53 GMT","content-type":"application/json; charset=utf-8","transfer-encoding":"chunked","server":"GitHub.com","status":"200 OK","vary":"X-PJAX, Accept-Encoding, Accept, X-Requested-With, Accept-Encoding","etag":"W/\"20054923ed2ec21c7369cb1df50aeaa3\"","cache-control":"max-age=0, private, must-revalidate","strict-transport-security":"max-age=31536000; includeSubdomains; preload","x-frame-options":"deny","x-content-type-options":"nosniff","x-xss-protection":"1; mode=block","referrer-policy":"origin-when-cross-origin, strict-origin-when-cross-origin","expect-ct":"max-age=2592000, report-uri=\"https://api.github.com/_private/browser/errors\"","content-security-policy":"default-src 'none'; base-uri 'self'; block-all-mixed-content; connect-src 'self' uploads.github.com www.githubstatus.com collector.githubapp.com api.github.com github-cloud.s3.amazonaws.com github-production-repository-file-5c1aeb.s3.amazonaws.com github-production-upload-manifest-file-7fdce7.s3.amazonaws.com github-production-user-asset-6210df.s3.amazonaws.com cdn.optimizely.com logx.optimizely.com/v1/events wss://alive.github.com; font-src github.githubassets.com; form-action 'self' github.com gist.github.com; frame-ancestors 'none'; frame-src render.githubusercontent.com; img-src 'self' data: github.githubassets.com identicons.github.com collector.githubapp.com github-cloud.s3.amazonaws.com *.githubusercontent.com; manifest-src 'self'; media-src 'none'; script-src github.githubassets.com; style-src 'unsafe-inline' github.githubassets.com; worker-src github.com/socket-worker-5029ae85.js gist.github.com/socket-worker-5029ae85.js","x-github-request-id":"F8FB:439F:12C6E17:14CEECB:601AB9F1"}
[debug] [2021-02-03T14:57:53.769Z] >>> [apiv2][query] GET https://api.github.com/user [none]
[debug] [2021-02-03T14:57:54.301Z] <<< [apiv2][status] GET https://api.github.com/user 200
[debug] [2021-02-03T14:57:54.302Z] <<< [apiv2][body] GET https://api.github.com/user {"login":"shad0w1911","id":38272161,"node_id":"MDQ6VXNlcjM4MjcyMTYx","avatar_url":"https://avatars.githubusercontent.com/u/38272161?v=4","gravatar_id":"","url":"https://api.github.com/users/shad0w1911","html_url":"https://github.com/shad0w1911","followers_url":"https://api.github.com/users/shad0w1911/followers","following_url":"https://api.github.com/users/shad0w1911/following{/other_user}","gists_url":"https://api.github.com/users/shad0w1911/gists{/gist_id}","starred_url":"https://api.github.com/users/shad0w1911/starred{/owner}{/repo}","subscriptions_url":"https://api.github.com/users/shad0w1911/subscriptions","organizations_url":"https://api.github.com/users/shad0w1911/orgs","repos_url":"https://api.github.com/users/shad0w1911/repos","events_url":"https://api.github.com/users/shad0w1911/events{/privacy}","received_events_url":"https://api.github.com/users/shad0w1911/received_events","type":"User","site_admin":false,"name":"Hassaan Uddin Sheikh","company":null,"blog":"","location":"Karachi, Pakistan","email":"hassanUddin@protonmail.com","hireable":true,"bio":"learning how to code","twitter_username":"hassoosheikh","public_repos":9,"public_gists":0,"followers":0,"following":4,"created_at":"2018-04-11T04:01:18Z","updated_at":"2021-02-03T13:41:46Z","private_gists":0,"total_private_repos":3,"owned_private_repos":3,"disk_usage":238493,"collaborators":0,"two_factor_authentication":false,"plan":{"name":"free","space":976562499,"collaborators":0,"private_repos":10000}}
[info] 
[info] +  Success! Logged into GitHub as shad0w1911 
[info] 
[debug] [2021-02-03T14:58:02.503Z] >>> [apiv2][query] GET https://api.github.com/repos//actions/secrets/public-key type=owner
[debug] [2021-02-03T14:58:02.841Z] <<< [apiv2][status] GET https://api.github.com/repos//actions/secrets/public-key 404
[debug] [2021-02-03T14:58:02.842Z] <<< [apiv2][body] GET https://api.github.com/repos//actions/secrets/public-key {"message":"Not Found","documentation_url":"https://docs.github.com/rest"}
[debug] [2021-02-03T14:58:06.743Z] >>> [apiv2][query] GET https://api.github.com/repos//actions/secrets/public-key type=owner
[debug] [2021-02-03T14:58:07.102Z] <<< [apiv2][status] GET https://api.github.com/repos//actions/secrets/public-key 404
[debug] [2021-02-03T14:58:07.103Z] <<< [apiv2][body] GET https://api.github.com/repos//actions/secrets/public-key {"message":"Not Found","documentation_url":"https://docs.github.com/rest"}
